<?xml version="1.0" encoding="UTF-8"?>
<testsuite name="CaesarTest" tests="1" skipped="0" failures="0" errors="0" timestamp="2019-09-06T16:01:05" hostname="wecode-HP-280-G2-MT-Non-Legacy" time="0.001">
  <properties/>
  <testcase name="isCaesar_isString_true" classname="CaesarTest" time="0.001"/>
  <system-out><![CDATA[]]></system-out>
  <system-err><![CDATA[]]></system-err>
</testsuite>
